2018-05-28 13:21:41,077 root         INFO     Encoding: test\input\test_diary_png.zip
2018-05-28 13:21:47,511 root         INFO     Encoding: test\input\test_diary_tif.tif
2018-05-28 13:22:18,257 root         INFO     Encoding: test\input\test_diary_png.zip
2018-05-28 13:22:24,736 root         INFO     Encoding: test\input\test_diary_tif.tif
2018-05-28 13:22:54,251 root         INFO     Encoding: test\input\test_diary_png.zip
2018-05-28 13:23:00,660 root         INFO     Encoding: test\input\test_diary_tif.tif
2018-05-28 13:25:48,415 root         INFO     Encoding test\input\test_diary_png.zip
2018-05-28 13:25:48,416 root         DEBUG    A debug message
2018-05-28 13:25:48,416 root         ERROR    An error message
2018-05-28 13:25:55,125 root         INFO     Encoding test\input\test_diary_tif.tif
2018-05-28 13:25:55,132 root         DEBUG    A debug message
2018-05-28 13:25:55,133 root         ERROR    An error message
2018-05-28 13:28:04,655 root         ERROR    An error message
2018-05-28 13:28:11,186 root         ERROR    An error message
2018-05-28 13:29:56,532 root         INFO     Encoding test\input\test_diary_png.zip
2018-05-28 13:29:56,532 root         DEBUG    A debug message
2018-05-28 13:29:56,532 root         ERROR    An error message
2018-05-28 13:30:03,022 root         INFO     Encoding test\input\test_diary_tif.tif
2018-05-28 13:30:03,022 root         DEBUG    A debug message
2018-05-28 13:30:03,022 root         ERROR    An error message
2018-05-28 13:37:46,225 root         INFO     Encoding test\input\test_diary_png.zip
2018-05-28 13:37:46,225 root         ERROR    An error message
2018-05-28 13:37:52,728 root         INFO     Encoding test\input\test_diary_tif.tif
2018-05-28 13:37:52,728 root         ERROR    An error message
2018-05-28 13:58:12,264 root         INFO     Encoding test\input\test_diary_png.zip
2018-05-28 13:58:13,050 root         INFO     Answer key loaded from previous file test\output\temporal\mark_areas\test_template\answer_area_page_0\answer_key.json
2018-05-28 13:58:18,884 root         INFO     Encoding test\input\test_diary_tif.tif
2018-05-28 13:58:19,214 root         INFO     Answer key loaded from previous file test\output\temporal\mark_areas\test_template\answer_area_page_0\answer_key.json
2018-05-28 14:27:34,683 root         INFO     Diary created C:\Users\julio\Documents\phd\skip\src\diary\paperstream\paperstream\input\1_diaries_to_create\P01.pdf
2018-05-28 14:27:36,684 root         INFO     Diary created C:\Users\julio\Documents\phd\skip\src\diary\paperstream\paperstream\input\1_diaries_to_create\P02.pdf
2018-05-28 14:27:38,750 root         INFO     Diary created C:\Users\julio\Documents\phd\skip\src\diary\paperstream\paperstream\input\1_diaries_to_create\P03.pdf
2018-05-28 14:27:38,810 root         INFO     Zip created and ready to download
2018-05-28 14:33:24,236 paperstream  INFO     Encoding test\input\test_diary_png.zip
2018-05-28 14:33:24,954 paperstream  INFO     Answer key loaded from previous file test\output\temporal\mark_areas\test_template\answer_area_page_0\answer_key.json
2018-05-28 14:33:30,800 paperstream  INFO     Encoding test\input\test_diary_tif.tif
2018-05-28 14:33:31,105 paperstream  INFO     Answer key loaded from previous file test\output\temporal\mark_areas\test_template\answer_area_page_0\answer_key.json
2018-05-28 14:43:31,159 root         INFO     Diary created C:\Users\julio\Documents\phd\skip\src\diary\paperstream\paperstream\input\1_diaries_to_create\P01.pdf
2018-05-28 14:43:33,096 root         INFO     Diary created C:\Users\julio\Documents\phd\skip\src\diary\paperstream\paperstream\input\1_diaries_to_create\P02.pdf
2018-05-28 14:43:35,069 root         INFO     Diary created C:\Users\julio\Documents\phd\skip\src\diary\paperstream\paperstream\input\1_diaries_to_create\P03.pdf
2018-05-28 14:43:35,139 root         INFO     Zip created and ready to download
2018-05-28 14:43:59,062 root         INFO     Encoding C:\Users\julio\Documents\phd\skip\src\diary\paperstream\paperstream\input\3_diaries_to_encode\example_diary_tif.tif
2018-05-28 14:44:10,957 root         ERROR    Error encoding diary
Traceback (most recent call last):
  File "C:\Users\julio\Documents\phd\skip\src\diary\paperstream\paperstream\marking_server.py", line 119, in on_post
    resp.body = json.dumps(encoded_diary)
  File "C:\Users\julio\Anaconda3\lib\json\__init__.py", line 231, in dumps
    return _default_encoder.encode(obj)
  File "C:\Users\julio\Anaconda3\lib\json\encoder.py", line 199, in encode
    chunks = self.iterencode(o, _one_shot=True)
  File "C:\Users\julio\Anaconda3\lib\json\encoder.py", line 257, in iterencode
    return _iterencode(o, 0)
  File "C:\Users\julio\Anaconda3\lib\json\encoder.py", line 180, in default
    o.__class__.__name__)
TypeError: Object of type 'WindowsPath' is not JSON serializable
2018-05-28 14:49:51,229 root         INFO     Encoding C:\Users\julio\Documents\phd\skip\src\diary\paperstream\paperstream\input\3_diaries_to_encode\example_diary_tif.tif
2018-05-28 14:49:51,718 root         INFO     Answer key loaded from previous file C:\Users\julio\Documents\phd\skip\src\diary\paperstream\paperstream\output/temporal/mark_areas/example_template\answer_area_page_0\answer_key.json
2018-05-28 14:50:02,659 root         ERROR    Error encoding diary
Traceback (most recent call last):
  File "C:\Users\julio\Documents\phd\skip\src\diary\paperstream\paperstream\marking_server.py", line 119, in on_post
    resp.body = json.dumps((encoded_diary))
  File "C:\Users\julio\Anaconda3\lib\json\__init__.py", line 231, in dumps
    return _default_encoder.encode(obj)
  File "C:\Users\julio\Anaconda3\lib\json\encoder.py", line 199, in encode
    chunks = self.iterencode(o, _one_shot=True)
  File "C:\Users\julio\Anaconda3\lib\json\encoder.py", line 257, in iterencode
    return _iterencode(o, 0)
  File "C:\Users\julio\Anaconda3\lib\json\encoder.py", line 180, in default
    o.__class__.__name__)
TypeError: Object of type 'WindowsPath' is not JSON serializable
2018-05-28 14:50:13,700 root         INFO     Encoding C:\Users\julio\Documents\phd\skip\src\diary\paperstream\paperstream\input\3_diaries_to_encode\example_diary_tif.tif
2018-05-28 14:50:14,145 root         INFO     Answer key loaded from previous file C:\Users\julio\Documents\phd\skip\src\diary\paperstream\paperstream\output/temporal/mark_areas/example_template\answer_area_page_0\answer_key.json
2018-05-28 14:50:24,891 root         ERROR    Error encoding diary
Traceback (most recent call last):
  File "C:\Users\julio\Documents\phd\skip\src\diary\paperstream\paperstream\marking_server.py", line 119, in on_post
    resp.body = json.dumps((encoded_diary))
  File "C:\Users\julio\Anaconda3\lib\json\__init__.py", line 231, in dumps
    return _default_encoder.encode(obj)
  File "C:\Users\julio\Anaconda3\lib\json\encoder.py", line 199, in encode
    chunks = self.iterencode(o, _one_shot=True)
  File "C:\Users\julio\Anaconda3\lib\json\encoder.py", line 257, in iterencode
    return _iterencode(o, 0)
  File "C:\Users\julio\Anaconda3\lib\json\encoder.py", line 180, in default
    o.__class__.__name__)
TypeError: Object of type 'WindowsPath' is not JSON serializable
2018-05-28 14:52:14,928 root         INFO     Encoding C:\Users\julio\Documents\phd\skip\src\diary\paperstream\paperstream\input\3_diaries_to_encode\example_diary_tif.tif
2018-05-28 14:52:15,380 root         INFO     Answer key loaded from previous file C:\Users\julio\Documents\phd\skip\src\diary\paperstream\paperstream\output/temporal/mark_areas/example_template\answer_area_page_0\answer_key.json
2018-05-28 14:52:26,190 root         INFO     Diary encoded example_diary_tif
2018-05-28 14:52:26,201 root         INFO     Encoding C:\Users\julio\Documents\phd\skip\src\diary\paperstream\paperstream\input\3_diaries_to_encode\example_diary_png.zip
2018-05-28 14:52:26,583 root         INFO     Answer key loaded from previous file C:\Users\julio\Documents\phd\skip\src\diary\paperstream\paperstream\output/temporal/mark_areas/example_template\answer_area_page_0\answer_key.json
2018-05-28 14:52:33,663 root         INFO     Diary encoded example_diary_png
2018-05-28 14:52:33,705 root         INFO     Zip created and ready to download
2018-05-28 15:03:49,413 root         INFO     Encoding test\input\test_diary_png.zip
2018-05-28 15:03:56,442 root         INFO     Encoding test\input\test_diary_tif.tif
2018-05-28 15:03:56,746 root         INFO     Answer key loaded from previous file test\output\temporal\mark_areas\test_template\answer_area_page_0\answer_key.json
